
==================================================
DEBUG EMAIL LOG - 2025-08-10 13:42:11
To: reuben@gmail.com
Subject: Verify Your SmartFix Account
Verification URL: http://localhost:8080/smartfix/verify_email.php?token=006e6c6210134324085bd3ce2ae298da3650c0ba4bb59ef2f6cef65f4afb4f3e
Token: 006e6c6210134324085bd3ce2ae298da3650c0ba4bb59ef2f6cef65f4afb4f3e
Manual verification link: http://localhost:8080/smartfix/verify_email.php?token=006e6c6210134324085bd3ce2ae298da3650c0ba4bb59ef2f6cef65f4afb4f3e
==================================================

==================================================
DEBUG EMAIL LOG - 2025-08-10 13:59:31
To: abkatongo890@gmail.com
Subject: Verify Your SmartFix Account
Verification URL: http://localhost:8080/smartfix/verify_email.php?token=0b3535bf2930fb97f48a04055f92a43153de08e6912f335103989f769024992f
Token: 0b3535bf2930fb97f48a04055f92a43153de08e6912f335103989f769024992f
Manual verification link: http://localhost:8080/smartfix/verify_email.php?token=0b3535bf2930fb97f48a04055f92a43153de08e6912f335103989f769024992f
==================================================

==================================================
DEBUG EMAIL LOG - 2025-08-10 13:59:57
To: abkaton@gmail.com
Subject: Verify Your SmartFix Account
Verification URL: http://localhost:8080/smartfix/verify_email.php?token=561055cdf45b0cf3902ae0e5646c4465b955848cb807cc252fd61be5ac21b584
Token: 561055cdf45b0cf3902ae0e5646c4465b955848cb807cc252fd61be5ac21b584
Manual verification link: http://localhost:8080/smartfix/verify_email.php?token=561055cdf45b0cf3902ae0e5646c4465b955848cb807cc252fd61be5ac21b584
==================================================

==================================================
DEBUG EMAIL LOG - 2025-08-10 15:00:57
To: abkatongo6@gmail.com
Subject: Verify Your SmartFix Account
Verification URL: http://localhost:8080/smartfix/verify_email.php?token=6eece08f031cecd66a47121fdc19e44a3228559b21170c04a4d817475223bab5
Token: 6eece08f031cecd66a47121fdc19e44a3228559b21170c04a4d817475223bab5
Manual verification link: http://localhost:8080/smartfix/verify_email.php?token=6eece08f031cecd66a47121fdc19e44a3228559b21170c04a4d817475223bab5
==================================================

==================================================
DEBUG EMAIL LOG - 2025-08-10 19:56:51
To: ronnykf3@mail.com
Subject: Verify Your SmartFix Account
Verification URL: http://localhost:8080/smartfix/verify_email.php?token=6725759c49331789544d58540ff01e203bc9af7c28f781c1da7dff72c8c2272f
Token: 6725759c49331789544d58540ff01e203bc9af7c28f781c1da7dff72c8c2272f
Manual verification link: http://localhost:8080/smartfix/verify_email.php?token=6725759c49331789544d58540ff01e203bc9af7c28f781c1da7dff72c8c2272f
==================================================
